1.789 to load /customers
4.018 to load /partners
1.773 to load /open-source
2.055 to load /technologies
1.377 to load /technologies/it-infrastructure
22.416 to load /technologies/infrastructure-as-a-service
1.091 to load /technologies/platform-as-a-service
1.096 to load /technologies/cloud-applications
0.776 to load /technologies/all-products
1.641 to load /technologies/linux-platforms
1.694 to load /technologies/jboss-middleware
1.253 to load /technologies/virtualization
1.541 to load /technologies/cloud-computing
26.207 to load /technologies/storage
0.71 to load /technologies/mobile
1.502 to load /technologies/all-products
20.595 to load /technologies/industries
1.719 to load /technologies/industries/financial
0.929 to load /technologies/industries/government
1.136 to load /technologies/industries/health-life-sciences
1.668 to load /technologies/industries/telecommunications
1.695 to load /technologies/industries
3.532 to load /services/support
3.268 to load access.redhat.com
1.206 to load /services/support/technical-account-management
2.333 to load /support/contact/customerService
1.881 to load /success-stories
11.902 to load /success-stories/adobe
1.422 to load /about
1.033 to load about/company
