[2015-08-03 03:51:38 -0600] 1.771s to load /customers
[2015-08-03 03:51:39 -0600] 1.36s to load /partners
[2015-08-03 03:51:42 -0600] 1.958s to load /open-source
[2015-08-03 03:51:51 -0600] 2.145s to load /technologies
[2015-08-03 03:51:55 -0600] 0.732s to load /technologies/it-infrastructure
[2015-08-03 03:51:58 -0600] 1.666s to load /technologies/infrastructure-as-a-service
[2015-08-03 03:52:01 -0600] 1.157s to load /technologies/platform-as-a-service
[2015-08-03 03:52:04 -0600] 1.254s to load /technologies/cloud-applications
[2015-08-03 03:52:07 -0600] 0.902s to load /technologies/all-products
[2015-08-03 03:52:10 -0600] 1.692s to load /technologies/linux-platforms
[2015-08-03 03:52:14 -0600] 1.513s to load /technologies/jboss-middleware
[2015-08-03 03:52:17 -0600] 1.457s to load /technologies/virtualization
[2015-08-03 03:52:20 -0600] 1.302s to load /technologies/cloud-computing
[2015-08-03 03:52:25 -0600] 2.547s to load /technologies/storage
[2015-08-03 03:52:28 -0600] 1.133s to load /technologies/mobile
[2015-08-03 03:52:31 -0600] 1.52s to load /technologies/all-products
[2015-08-03 03:52:33 -0600] 0.739s to load /technologies/industries
[2015-08-03 03:52:37 -0600] 1.385s to load /technologies/industries/financial
[2015-08-03 03:52:40 -0600] 1.09s to load /technologies/industries/government
[2015-08-03 03:52:42 -0600] 0.902s to load /technologies/industries/health-life-sciences
[2015-08-03 03:52:45 -0600] 1.056s to load /technologies/industries/telecommunications
[2015-08-03 03:52:48 -0600] 1.301s to load /technologies/industries
[2015-08-03 03:52:51 -0600] 0.839s to load /services/support
[2015-08-03 03:52:54 -0600] 1.844s to load access.redhat.com
[2015-08-03 03:52:58 -0600] 0.893s to load /services/support/technical-account-management
[2015-08-03 03:53:02 -0600] 1.787s to load /support/contact/customerService
[2015-08-03 03:53:07 -0600] 2.017s to load /success-stories
[2015-08-03 03:53:10 -0600] 1.326s to load /success-stories/adobe
[2015-08-03 03:53:14 -0600] 1.39s to load /about
[2015-08-03 03:53:17 -0600] 1.047s to load about/company
[2015-08-03 03:53:22 -0600] 2.824s to load /search
